[WARNING] Citeproc: citation Ahmeto not found
[WARNING] Citeproc: citation Al-NajamiDualenergyCTDetect2017 not found
[WARNING] Citeproc: citation ahmetogluMDCTMultiplanarReconstruction2011 not found
[WARNING] Citeproc: citation aljebreenAccuracyMultiDetectorRow2013 not found
[WARNING] Citeproc: citation alnajajmiDualenergyCTDetect2017 not found
[WARNING] Citeproc: citation alsukhniDiagnosticAccuracyMRI2012 not found
[WARNING] Citeproc: citation amin2017ajcc not found
[WARNING] Citeproc: citation beets2018magnetic not found
[WARNING] Citeproc: citation bipat2004rectal not found
[WARNING] Citeproc: citation bipatRectalCancerLocal2004 not found
[WARNING] Citeproc: citation bompouComparativeEvaluationCT2024 not found
[WARNING] Citeproc: citation botteri2008smoking not found
[WARNING] Citeproc: citation brown2003morphologic not found
[WARNING] Citeproc: citation brown2003preoperative not found
[WARNING] Citeproc: citation cernyMRIEvaluationResponse2019 not found
[WARNING] Citeproc: citation chan2011redprocessed not found
[WARNING] Citeproc: citation chand2014emvi not found
[WARNING] Citeproc: citation cho2014mri not found
[WARNING] Citeproc: citation eaden2001riskcolorectal not found
[WARNING] Citeproc: citation glynne2012international not found
[WARNING] Citeproc: citation gosens2007circumferential not found
[WARNING] Citeproc: citation heijnen2013diffusion not found
[WARNING] Citeproc: citation ippolito2016RectalCancerStaging not found
[WARNING] Citeproc: citation kijima2014PreoperativeEvaluationColorectal not found
[WARNING] Citeproc: citation kijima2014preoperative not found
[WARNING] Citeproc: citation kim2004accuracy not found
[WARNING] Citeproc: citation kim2004nodal not found
[WARNING] Citeproc: citation kim2016extranodal not found
[WARNING] Citeproc: citation kim2019diagnostic not found
[WARNING] Citeproc: citation koh2004nodal not found
[WARNING] Citeproc: citation kwokPreoperativeStagingRectal2000 not found
[WARNING] Citeproc: citation lambregts2011diffusion not found
[WARNING] Citeproc: citation lambregts2011magnetic not found
[WARNING] Citeproc: citation larsson2005diabetes not found
[WARNING] Citeproc: citation li2019prognostic not found
[WARNING] Citeproc: citation lord2020significance not found
[WARNING] Citeproc: citation mercury2007extramural not found
[WARNING] Citeproc: citation nikolouzakisDetailedAppliedAnatomy2019 not found
[WARNING] Citeproc: citation sinha2006diagnostic not found
[WARNING] Citeproc: citation sinhaDignosticValueMultidetector2006 not found
[WARNING] Citeproc: citation smith2008prognostic not found
[WARNING] Citeproc: citation taylor2018magnetic not found
[WARNING] Citeproc: citation taylorOneMillimetreIs2011 not found
[WARNING] Citeproc: citation taylorStagingRectalCancer2007 not found
[WARNING] Citeproc: citation yu2017value not found
[WARNING] Citeproc: citation zerhouniCTMRImaging1996 not found
